[debug] [2021-10-14T20:56:30.401Z] ----------------------------------------------------------------------
[debug] [2021-10-14T20:56:30.403Z] Command:       C:\Program Files\nodejs\node.exe C:\Users\godfr\AppData\Roaming\npm\node_modules\firebase-tools\lib\bin\firebase.js deploy
[debug] [2021-10-14T20:56:30.404Z] CLI Version:   9.20.0
[debug] [2021-10-14T20:56:30.404Z] Platform:      win32
[debug] [2021-10-14T20:56:30.404Z] Node Version:  v14.18.0
[debug] [2021-10-14T20:56:30.404Z] Time:          Thu Oct 14 2021 20:56:30 GMT+0000 (Greenwich Mean Time)
[debug] [2021-10-14T20:56:30.405Z] ----------------------------------------------------------------------
[debug] 
[debug] [2021-10-14T20:56:30.461Z] > command requires scopes: ["email","openid","https://www.googleapis.com/auth/cloudplatformprojects.readonly","https://www.googleapis.com/auth/firebase","https://www.googleapis.com/auth/cloud-platform"]
[debug] [2021-10-14T20:56:30.461Z] > authorizing via signed-in user (godfreykwametwene@gmail.com)
[debug] [2021-10-14T20:56:30.461Z] [iam] checking project mvs-movies for permissions ["firebase.projects.get","firebasehosting.sites.update"]
[debug] [2021-10-14T20:56:30.464Z] > refreshing access token with scopes: ["email","https://www.googleapis.com/auth/cloud-platform","https://www.googleapis.com/auth/cloudplatformprojects.readonly","https://www.googleapis.com/auth/firebase","openid"]
[debug] [2021-10-14T20:56:30.464Z] >>> HTTP REQUEST POST https://www.googleapis.com/oauth2/v3/token  
 <request body omitted>
[debug] [2021-10-14T20:56:41.734Z] [iam] error while checking permissions, command may fail: FirebaseError: Authentication Error: Your credentials are no longer valid. Please run firebase login --reauth

For CI servers and headless environments, generate a new token with firebase login:ci
[debug] [2021-10-14T20:56:41.736Z] >>> [apiv2][query] GET https://firebase.googleapis.com/v1beta1/projects/mvs-movies [none]
[debug] [2021-10-14T20:56:53.008Z] Failed to make request to https://firebase.googleapis.com/v1beta1/projects/mvs-movies
[debug] [2021-10-14T20:57:12.360Z] FirebaseError: Failed to make request to https://firebase.googleapis.com/v1beta1/projects/mvs-movies
    at Client.doRequest (C:\Users\godfr\AppData\Roaming\npm\node_modules\firebase-tools\lib\apiv2.js:211:19)
    at processTicksAndRejections (internal/process/task_queues.js:95:5)
    at async Client.request (C:\Users\godfr\AppData\Roaming\npm\node_modules\firebase-tools\lib\apiv2.js:96:20)
    at async Object.getFirebaseProject (C:\Users\godfr\AppData\Roaming\npm\node_modules\firebase-tools\lib\management\projects.js:290:21)
    at async Object.getDefaultHostingSite (C:\Users\godfr\AppData\Roaming\npm\node_modules\firebase-tools\lib\getDefaultHostingSite.js:8:21)
    at async requireHostingSite (C:\Users\godfr\AppData\Roaming\npm\node_modules\firebase-tools\lib\requireHostingSite.js:9:18)
    at async Object.fn (C:\Users\godfr\AppData\Roaming\npm\node_modules\firebase-tools\lib\commands\deploy.js:65:9)
    at async C:\Users\godfr\AppData\Roaming\npm\node_modules\firebase-tools\lib\command.js:188:17
[error] 
[error] Error: Failed to get Firebase project mvs-movies. Please make sure the project exists and your account has permission to access it.
[debug] [2021-10-14T20:57:28.319Z] ----------------------------------------------------------------------
[debug] [2021-10-14T20:57:28.321Z] Command:       C:\Program Files\nodejs\node.exe C:\Users\godfr\AppData\Roaming\npm\node_modules\firebase-tools\lib\bin\firebase.js deploy
[debug] [2021-10-14T20:57:28.321Z] CLI Version:   9.20.0
[debug] [2021-10-14T20:57:28.322Z] Platform:      win32
[debug] [2021-10-14T20:57:28.322Z] Node Version:  v14.18.0
[debug] [2021-10-14T20:57:28.322Z] Time:          Thu Oct 14 2021 20:57:28 GMT+0000 (Greenwich Mean Time)
[debug] [2021-10-14T20:57:28.322Z] ----------------------------------------------------------------------
[debug] 
[debug] [2021-10-14T20:57:28.377Z] > command requires scopes: ["email","openid","https://www.googleapis.com/auth/cloudplatformprojects.readonly","https://www.googleapis.com/auth/firebase","https://www.googleapis.com/auth/cloud-platform"]
[debug] [2021-10-14T20:57:28.378Z] > authorizing via signed-in user (godfreykwametwene@gmail.com)
[debug] [2021-10-14T20:57:28.378Z] [iam] checking project mvs-movies for permissions ["firebase.projects.get","firebasehosting.sites.update"]
[debug] [2021-10-14T20:57:28.380Z] > refreshing access token with scopes: ["email","https://www.googleapis.com/auth/cloud-platform","https://www.googleapis.com/auth/cloudplatformprojects.readonly","https://www.googleapis.com/auth/firebase","openid"]
[debug] [2021-10-14T20:57:28.380Z] >>> HTTP REQUEST POST https://www.googleapis.com/oauth2/v3/token  
 <request body omitted>
[debug] [2021-10-14T20:57:39.660Z] [iam] error while checking permissions, command may fail: FirebaseError: Authentication Error: Your credentials are no longer valid. Please run firebase login --reauth

For CI servers and headless environments, generate a new token with firebase login:ci
[debug] [2021-10-14T20:57:39.662Z] >>> [apiv2][query] GET https://firebase.googleapis.com/v1beta1/projects/mvs-movies [none]
[debug] [2021-10-14T20:57:50.930Z] Failed to make request to https://firebase.googleapis.com/v1beta1/projects/mvs-movies
[debug] [2021-10-14T20:58:10.193Z] FirebaseError: Failed to make request to https://firebase.googleapis.com/v1beta1/projects/mvs-movies
    at Client.doRequest (C:\Users\godfr\AppData\Roaming\npm\node_modules\firebase-tools\lib\apiv2.js:211:19)
    at processTicksAndRejections (internal/process/task_queues.js:95:5)
    at async Client.request (C:\Users\godfr\AppData\Roaming\npm\node_modules\firebase-tools\lib\apiv2.js:96:20)
    at async Object.getFirebaseProject (C:\Users\godfr\AppData\Roaming\npm\node_modules\firebase-tools\lib\management\projects.js:290:21)
    at async Object.getDefaultHostingSite (C:\Users\godfr\AppData\Roaming\npm\node_modules\firebase-tools\lib\getDefaultHostingSite.js:8:21)
    at async requireHostingSite (C:\Users\godfr\AppData\Roaming\npm\node_modules\firebase-tools\lib\requireHostingSite.js:9:18)
    at async Object.fn (C:\Users\godfr\AppData\Roaming\npm\node_modules\firebase-tools\lib\commands\deploy.js:65:9)
    at async C:\Users\godfr\AppData\Roaming\npm\node_modules\firebase-tools\lib\command.js:188:17
[error] 
[error] Error: Failed to get Firebase project mvs-movies. Please make sure the project exists and your account has permission to access it.
